<?xml version="1.0" encoding="UTF-8"?>
<testsuite name="com.example.testlocallibrarycinterop.testKlib.AndroidGreetingTest" tests="1" skipped="0" failures="0" errors="0" timestamp="2021-04-22T09:31:04" hostname="LPT41398" time="0.025">
  <properties/>
  <testcase name="testExample" classname="com.example.testlocallibrarycinterop.testKlib.AndroidGreetingTest" time="0.025"/>
  <system-out><![CDATA[]]></system-out>
  <system-err><![CDATA[]]></system-err>
</testsuite>
